<?xml version="1.0" encoding="UTF-8"?>
<testng-results skipped="0" failed="0" ignored="0" total="2" passed="2">
  <reporter-output>
  </reporter-output>
  <suite name="TestSuite" duration-ms="165508" started-at="2017-08-30T21:17:21Z" finished-at="2017-08-30T21:20:06Z">
    <groups>
    </groups>
    <test name="Sanity" duration-ms="165508" started-at="2017-08-30T21:17:21Z" finished-at="2017-08-30T21:20:06Z">
      <class name="com.playphone.nativeAndroid.Clickinit">
        <test-method status="PASS" signature="setup()[pri:0, instance:com.playphone.nativeAndroid.Clickinit@5419f379]" name="setup" is-config="true" duration-ms="37228" started-at="2017-08-30T14:19:29Z" finished-at="2017-08-30T14:20:06Z">
          <reporter-output>
          </reporter-output>
        </test-method> <!-- setup -->
        <test-method status="PASS" signature="clickInit()[pri:0, instance:com.playphone.nativeAndroid.Clickinit@5419f379]" name="clickInit" duration-ms="317" started-at="2017-08-30T14:20:06Z" finished-at="2017-08-30T14:20:06Z">
          <reporter-output>
          </reporter-output>
        </test-method> <!-- clickInit -->
      </class> <!-- com.playphone.nativeAndroid.Clickinit -->
      <class name="com.playphone.nativeAndroid.PostScore">
        <test-method status="PASS" signature="setup()[pri:0, instance:com.playphone.nativeAndroid.PostScore@4520ebad]" name="setup" is-config="true" duration-ms="36169" started-at="2017-08-30T14:17:21Z" finished-at="2017-08-30T14:17:57Z">
          <reporter-output>
          </reporter-output>
        </test-method> <!-- setup -->
        <test-method status="PASS" signature="clickInit()[pri:0, instance:com.playphone.nativeAndroid.PostScore@4520ebad]" name="clickInit" duration-ms="91642" started-at="2017-08-30T14:17:57Z" finished-at="2017-08-30T14:19:29Z">
          <reporter-output>
          </reporter-output>
        </test-method> <!-- clickInit -->
      </class> <!-- com.playphone.nativeAndroid.PostScore -->
    </test> <!-- Sanity -->
  </suite> <!-- TestSuite -->
</testng-results>
