<?xml version="1.0" encoding="UTF-8"?>
<testng-results skipped="0" failed="0" ignored="0" total="1" passed="1">
  <reporter-output>
  </reporter-output>
  <suite name="TestSuite" duration-ms="128237" started-at="2017-08-30T21:01:37Z" finished-at="2017-08-30T21:03:45Z">
    <groups>
    </groups>
    <test name="Sanity" duration-ms="128237" started-at="2017-08-30T21:01:37Z" finished-at="2017-08-30T21:03:45Z">
      <class name="com.playphone.nativeAndroid.PostScore">
        <test-method status="PASS" signature="setup()[pri:0, instance:com.playphone.nativeAndroid.PostScore@7f9a81e8]" name="setup" is-config="true" duration-ms="34177" started-at="2017-08-30T14:01:37Z" finished-at="2017-08-30T14:02:11Z">
          <reporter-output>
          </reporter-output>
        </test-method> <!-- setup -->
        <test-method status="PASS" signature="clickInit()[pri:0, instance:com.playphone.nativeAndroid.PostScore@7f9a81e8]" name="clickInit" duration-ms="94040" started-at="2017-08-30T14:02:11Z" finished-at="2017-08-30T14:03:45Z">
          <reporter-output>
          </reporter-output>
        </test-method> <!-- clickInit -->
      </class> <!-- com.playphone.nativeAndroid.PostScore -->
    </test> <!-- Sanity -->
  </suite> <!-- TestSuite -->
</testng-results>
